0 info it worked if it ends with ok
1 verbose cli [ 'C:\\Program Files\\nodejs\\node.exe',
1 verbose cli   'C:\\Program Files\\nodejs\\node_modules\\npm\\bin\\npm-cli.js',
1 verbose cli   'run',
1 verbose cli   'moch' ]
2 info using npm@3.10.10
3 info using node@v6.11.3
4 verbose run-script [ 'premoch', 'moch', 'postmoch' ]
5 info lifecycle expapp@1.0.0~premoch: expapp@1.0.0
6 silly lifecycle expapp@1.0.0~premoch: no script for premoch, continuing
7 info lifecycle expapp@1.0.0~moch: expapp@1.0.0
8 verbose lifecycle expapp@1.0.0~moch: unsafe-perm in lifecycle true
9 verbose lifecycle expapp@1.0.0~moch: PATH: C:\Program Files\nodejs\node_modules\npm\bin\node-gyp-bin;C:\more-recipes\more-recipes\node_modules\.bin;C:\Python27\;C:\Python27\Scripts;C:\Windows\system32;C:\Windows;C:\Windows\System32\Wbem;C:\Windows\System32\WindowsPowerShell\v1.0\;C:\Program Files\Git\cmd;C:\Program Files\nodejs\;C:\Users\ACER\AppData\Roaming\npm;C:\Program Files\Heroku\bin
10 verbose lifecycle expapp@1.0.0~moch: CWD: C:\more-recipes\more-recipes
11 silly lifecycle expapp@1.0.0~moch: Args: [ '/d /s /c',
11 silly lifecycle   'istanbul cover ./node_modules/mocha/bin/_mocha --report lcovonly -- -R spec && cat ./coverage/lcov.info | ./node_modules/coveralls/bin/coveralls.js && rm -rf ./coverage' ]
12 silly lifecycle expapp@1.0.0~moch: Returned: code: 255  signal: null
13 info lifecycle expapp@1.0.0~moch: Failed to exec moch script
14 verbose stack Error: expapp@1.0.0 moch: `istanbul cover ./node_modules/mocha/bin/_mocha --report lcovonly -- -R spec && cat ./coverage/lcov.info | ./node_modules/coveralls/bin/coveralls.js && rm -rf ./coverage`
14 verbose stack Exit status 255
14 verbose stack     at EventEmitter.<anonymous> (C:\Program Files\nodejs\node_modules\npm\lib\utils\lifecycle.js:255:16)
14 verbose stack     at emitTwo (events.js:106:13)
14 verbose stack     at EventEmitter.emit (events.js:191:7)
14 verbose stack     at ChildProcess.<anonymous> (C:\Program Files\nodejs\node_modules\npm\lib\utils\spawn.js:40:14)
14 verbose stack     at emitTwo (events.js:106:13)
14 verbose stack     at ChildProcess.emit (events.js:191:7)
14 verbose stack     at maybeClose (internal/child_process.js:920:16)
14 verbose stack     at Process.ChildProcess._handle.onexit (internal/child_process.js:230:5)
15 verbose pkgid expapp@1.0.0
16 verbose cwd C:\more-recipes\more-recipes
17 error Windows_NT 6.1.7600
18 error argv "C:\\Program Files\\nodejs\\node.exe" "C:\\Program Files\\nodejs\\node_modules\\npm\\bin\\npm-cli.js" "run" "moch"
19 error node v6.11.3
20 error npm  v3.10.10
21 error code ELIFECYCLE
22 error expapp@1.0.0 moch: `istanbul cover ./node_modules/mocha/bin/_mocha --report lcovonly -- -R spec && cat ./coverage/lcov.info | ./node_modules/coveralls/bin/coveralls.js && rm -rf ./coverage`
22 error Exit status 255
23 error Failed at the expapp@1.0.0 moch script 'istanbul cover ./node_modules/mocha/bin/_mocha --report lcovonly -- -R spec && cat ./coverage/lcov.info | ./node_modules/coveralls/bin/coveralls.js && rm -rf ./coverage'.
23 error Make sure you have the latest version of node.js and npm installed.
23 error If you do, this is most likely a problem with the expapp package,
23 error not with npm itself.
23 error Tell the author that this fails on your system:
23 error     istanbul cover ./node_modules/mocha/bin/_mocha --report lcovonly -- -R spec && cat ./coverage/lcov.info | ./node_modules/coveralls/bin/coveralls.js && rm -rf ./coverage
23 error You can get information on how to open an issue for this project with:
23 error     npm bugs expapp
23 error Or if that isn't available, you can get their info via:
23 error     npm owner ls expapp
23 error There is likely additional logging output above.
24 verbose exit [ 1, true ]
